# JRE version: OpenJDK Runtime Environment Temurin-17.0.12+7 (17.0.12+7) (build 17.0.12+7)
# Java VM: OpenJDK 64-Bit Server VM Temurin-17.0.12+7 (17.0.12+7, mixed mode, sharing, tiered, compressed oops, compressed class ptrs, g1 gc, windows-amd64)
GC Precious Log:
 CPUs: 12 total, 12 available
 Memory: 7863M
 Large Page Support: Disabled
 NUMA Support: Disabled
 Compressed Oops: Enabled (32-bit)
 Heap Region Size: 1M
 Heap Min Capacity: 8M
 Heap Initial Capacity: 124M
 Heap Max Capacity: 1966M
 Pre-touch: Disabled
 Parallel Workers: 10
 Concurrent Workers: 3
 Concurrent Refinement Workers: 10
 Periodic GC: Disabled
Heap:
 garbage-first heap   total 201728K, used 185993K [0x0000000085200000, 0x0000000100000000)
  region size 1024K, 2 young (2048K), 2 survivors (2048K)
 Metaspace       used 14613K, committed 14848K, reserved 1114112K
  class space    used 2195K, committed 2304K, reserved 1048576K
GC Heap History (19 events):
Event: 0.510 GC heap before
{Heap before GC invocations=0 (full 0):
 garbage-first heap   total 126976K, used 22528K [0x0000000085200000, 0x0000000100000000)
  region size 1024K, 23 young (23552K), 0 survivors (0K)
 Metaspace       used 5996K, committed 6208K, reserved 1114112K
  class space    used 726K, committed 832K, reserved 1048576K
}
Event: 0.515 GC heap after
{Heap after GC invocations=1 (full 0):
 garbage-first heap   total 126976K, used 3983K [0x0000000085200000, 0x0000000100000000)
  region size 1024K, 3 young (3072K), 3 survivors (3072K)
 Metaspace       used 5996K, committed 6208K, reserved 1114112K
  class space    used 726K, committed 832K, reserved 1048576K
}
Event: 0.790 GC heap before
{Heap before GC invocations=1 (full 0):
 garbage-first heap   total 126976K, used 71567K [0x0000000085200000, 0x0000000100000000)
  region size 1024K, 17 young (17408K), 3 survivors (3072K)
 Metaspace       used 8756K, committed 9024K, reserved 1114112K
  class space    used 1159K, committed 1280K, reserved 1048576K
}
Event: 0.793 GC heap after
{Heap after GC invocations=2 (full 0):
 garbage-first heap   total 126976K, used 61432K [0x0000000085200000, 0x0000000100000000)
  region size 1024K, 5 young (5120K), 5 survivors (5120K)
 Metaspace       used 8756K, committed 9024K, reserved 1114112K
  class space    used 1159K, committed 1280K, reserved 1048576K
}
Event: 0.795 GC heap before
{Heap before GC invocations=2 (full 0):
 garbage-first heap   total 126976K, used 63480K [0x0000000085200000, 0x0000000100000000)
  region size 1024K, 6 young (6144K), 5 survivors (5120K)
 Metaspace       used 8756K, committed 9024K, reserved 1114112K
  class space    used 1159K, committed 1280K, reserved 1048576K
}
Event: 0.799 GC heap after
{Heap after GC invocations=3 (full 0):
 garbage-first heap   total 126976K, used 63701K [0x0000000085200000, 0x0000000100000000)
  region size 1024K, 3 young (3072K), 3 survivors (3072K)
 Metaspace       used 8756K, committed 9024K, reserved 1114112K
  class space    used 1159K, committed 1280K, reserved 1048576K
}
Event: 0.807 GC heap before
{Heap before GC invocations=4 (full 0):
 garbage-first heap   total 126976K, used 71893K [0x0000000085200000, 0x0000000100000000)
  region size 1024K, 4 young (4096K), 3 survivors (3072K)
 Metaspace       used 8756K, committed 9024K, reserved 1114112K
  class space    used 1159K, committed 1280K, reserved 1048576K
}
Event: 0.810 GC heap after
{Heap after GC invocations=5 (full 0):
 garbage-first heap   total 126976K, used 71423K [0x0000000085200000, 0x0000000100000000)
  region size 1024K, 3 young (3072K), 3 survivors (3072K)
 Metaspace       used 8756K, committed 9024K, reserved 1114112K
  class space    used 1159K, committed 1280K, reserved 1048576K
}
Event: 0.816 GC heap before
{Heap before GC invocations=6 (full 0):
 garbage-first heap   total 133120K, used 79615K [0x0000000085200000, 0x0000000100000000)
  region size 1024K, 4 young (4096K), 3 survivors (3072K)
 Metaspace       used 8756K, committed 9024K, reserved 1114112K
  class space    used 1159K, committed 1280K, reserved 1048576K
}
Event: 0.819 GC heap after
{Heap after GC invocations=7 (full 0):
 garbage-first heap   total 201728K, used 79827K [0x0000000085200000, 0x0000000100000000)
  region size 1024K, 1 young (1024K), 1 survivors (1024K)
 Metaspace       used 8756K, committed 9024K, reserved 1114112K
  class space    used 1159K, committed 1280K, reserved 1048576K
}
Event: 0.823 GC heap before
{Heap before GC invocations=7 (full 0):
 garbage-first heap   total 201728K, used 90067K [0x0000000085200000, 0x0000000100000000)
  region size 1024K, 2 young (2048K), 1 survivors (1024K)
 Metaspace       used 8756K, committed 9024K, reserved 1114112K
  class space    used 1159K, committed 1280K, reserved 1048576K
}
Event: 0.824 GC heap after
{Heap after GC invocations=8 (full 0):
 garbage-first heap   total 201728K, used 89988K [0x0000000085200000, 0x0000000100000000)
  region size 1024K, 1 young (1024K), 1 survivors (1024K)
 Metaspace       used 8756K, committed 9024K, reserved 1114112K
  class space    used 1159K, committed 1280K, reserved 1048576K
}
Event: 0.825 GC heap before
{Heap before GC invocations=8 (full 0):
 garbage-first heap   total 201728K, used 92036K [0x0000000085200000, 0x0000000100000000)
  region size 1024K, 2 young (2048K), 1 survivors (1024K)
 Metaspace       used 8756K, committed 9024K, reserved 1114112K
  class space    used 1159K, committed 1280K, reserved 1048576K
}
Event: 0.826 GC heap after
{Heap after GC invocations=9 (full 0):
 garbage-first heap   total 201728K, used 92010K [0x0000000085200000, 0x0000000100000000)
  region size 1024K, 1 young (1024K), 1 survivors (1024K)
 Metaspace       used 8756K, committed 9024K, reserved 1114112K
  class space    used 1159K, committed 1280K, reserved 1048576K
}
Event: 1.239 GC heap before
{Heap before GC invocations=10 (full 0):
 garbage-first heap   total 201728K, used 197482K [0x0000000085200000, 0x0000000100000000)
  region size 1024K, 15 young (15360K), 1 survivors (1024K)
 Metaspace       used 11873K, committed 12160K, reserved 1114112K
  class space    used 1702K, committed 1856K, reserved 1048576K
}
Event: 1.241 GC heap after
{Heap after GC invocations=11 (full 0):
 garbage-first heap   total 201728K, used 184931K [0x0000000085200000, 0x0000000100000000)
  region size 1024K, 1 young (1024K), 1 survivors (1024K)
 Metaspace       used 11873K, committed 12160K, reserved 1114112K
  class space    used 1702K, committed 1856K, reserved 1048576K
}
Event: 1.389 GC heap before
{Heap before GC invocations=11 (full 0):
 garbage-first heap   total 201728K, used 192099K [0x0000000085200000, 0x0000000100000000)
  region size 1024K, 9 young (9216K), 1 survivors (1024K)
 Metaspace       used 13942K, committed 14208K, reserved 1114112K
  class space    used 2125K, committed 2240K, reserved 1048576K
}
Event: 1.392 GC heap after
{Heap after GC invocations=12 (full 0):
 garbage-first heap   total 201728K, used 185385K [0x0000000085200000, 0x0000000100000000)
  region size 1024K, 2 young (2048K), 2 survivors (2048K)
 Metaspace       used 13942K, committed 14208K, reserved 1114112K
  class space    used 2125K, committed 2240K, reserved 1048576K
}
Event: 1.565 GC heap before
{Heap before GC invocations=12 (full 0):
 garbage-first heap   total 201728K, used 187433K [0x0000000085200000, 0x0000000100000000)
  region size 1024K, 5 young (5120K), 2 survivors (2048K)
 Metaspace       used 14613K, committed 14848K, reserved 1114112K
  class space    used 2195K, committed 2304K, reserved 1048576K
}

